{"timestamp": "2025-11-14T18:43:27.985467Z", "level": "WARNING", "module": "retry", "message": "Retry attempt 1/3 for retryable_function after 0.1s delay", "error": "Temporary failure", "attempt": 1}
{"timestamp": "2025-11-14T18:43:28.088293Z", "level": "WARNING", "module": "retry", "message": "Retry attempt 1/3 for always_fails after 0.1s delay", "error": "Always fails", "attempt": 1}
{"timestamp": "2025-11-14T18:43:28.189682Z", "level": "WARNING", "module": "retry", "message": "Retry attempt 2/3 for always_fails after 0.2s delay", "error": "Always fails", "attempt": 2}
{"timestamp": "2025-11-14T18:43:28.391386Z", "level": "ERROR", "module": "retry", "message": "All 3 retry attempts failed for always_fails", "error": "Always fails"}
{"timestamp": "2025-11-14T18:43:28.395405Z", "level": "WARNING", "module": "retry", "message": "Retry attempt 1/3 for track_timing after 0.1s delay", "error": "Retry", "attempt": 1}
{"timestamp": "2025-11-14T18:43:28.497661Z", "level": "WARNING", "module": "retry", "message": "Retry attempt 2/3 for track_timing after 0.2s delay", "error": "Retry", "attempt": 2}
{"timestamp": "2025-11-14T18:43:28.701745Z", "level": "ERROR", "module": "retry", "message": "Non-retryable error in non_retryable_error: Non-retryable", "error": "Non-retryable"}
{"timestamp": "2025-11-14T18:43:28.703932Z", "level": "WARNING", "module": "retry", "message": "Retry attempt 1/3 for custom_retryable after 0.1s delay", "error": "Connection failed", "attempt": 1}
{"timestamp": "2025-11-14T18:43:28.805804Z", "level": "WARNING", "module": "retry", "message": "Retry attempt 1/3 for sync_function after 0.1s delay", "error": "Retry", "attempt": 1}
{"timestamp": "2025-11-14T18:43:28.909186Z", "level": "WARNING", "module": "retry", "message": "Retry attempt 1/2 for logged_function after 0.1s delay", "error": "Retry", "attempt": 1}
{"timestamp": "2025-11-14T18:43:29.010461Z", "level": "ERROR", "module": "retry", "message": "All 2 retry attempts failed for logged_function", "error": "Retry"}
{"timestamp": "2025-11-14T18:43:29.012198Z", "level": "INFO", "module": "test_logging", "message": "Test message", "key": "value"}
{"timestamp": "2025-11-14T18:43:29.015634Z", "level": "INFO", "module": "test_logging", "message": "Test message", "job_id": "52234988-50e2-4405-9942-dc532e233fff"}
{"timestamp": "2025-11-14T18:43:29.016267Z", "level": "INFO", "module": "test_logging", "message": "Test message"}
{"timestamp": "2025-11-14T18:43:29.017276Z", "level": "INFO", "module": "test_logging", "message": "Test message", "duration": 180, "status": "success", "count": 5}
{"timestamp": "2025-11-14T18:43:29.017908Z", "level": "ERROR", "module": "test_logging", "message": "Exception occurred", "exception": "Traceback (most recent call last):\n  File \"/Users/user/Desktop/Github/VideoGen/project/backend/shared/tests/test_logging.py\", line 129, in test_logger_includes_exception\n    raise ValueError(\"Test error\")\nValueError: Test error"}
{"timestamp": "2025-11-14T18:43:29.018515Z", "level": "WARNING", "module": "test_logging", "message": "Warning message"}
{"timestamp": "2025-11-14T18:43:29.018565Z", "level": "ERROR", "module": "test_logging", "message": "Error message"}
{"timestamp": "2025-11-14T18:43:29.019095Z", "level": "INFO", "module": "test_logging", "message": "Test message", "list": "[1, 2, 3]", "dict": "{'key': 'value'}", "uuid": "cae89bf2-d2fc-4e54-bcb6-392b9d251cec"}
{"timestamp": "2025-11-14T18:43:54.741367Z", "level": "INFO", "module": "test_logging", "message": "Test message", "key": "value"}
{"timestamp": "2025-11-14T18:44:41.766812Z", "level": "ERROR", "module": "cost_tracking", "message": "Failed to track cost for job b595f18b-8f59-474e-a32f-4e6a02956c99: 'Mock' object is not subscriptable", "job_id": "b595f18b-8f59-474e-a32f-4e6a02956c99", "error": "'Mock' object is not subscriptable"}
{"timestamp": "2025-11-14T18:44:41.770881Z", "level": "ERROR", "module": "cost_tracking", "message": "Failed to get total cost for job e5ce1b15-8a80-4a18-8e3b-654eea7448ce: 'Mock' object is not subscriptable", "job_id": "e5ce1b15-8a80-4a18-8e3b-654eea7448ce", "error": "'Mock' object is not subscriptable"}
{"timestamp": "2025-11-14T18:44:41.773017Z", "level": "ERROR", "module": "cost_tracking", "message": "Failed to get total cost for job ef070ddc-e9ae-41b4-9e8b-3b0002cb4993: 'Mock' object is not subscriptable", "job_id": "ef070ddc-e9ae-41b4-9e8b-3b0002cb4993", "error": "'Mock' object is not subscriptable"}
{"timestamp": "2025-11-14T18:44:41.775472Z", "level": "ERROR", "module": "cost_tracking", "message": "Failed to get total cost for job 510e99ac-dec4-47fe-b013-7cca4243e857: 'Mock' object is not subscriptable", "job_id": "510e99ac-dec4-47fe-b013-7cca4243e857", "error": "'Mock' object is not subscriptable"}
{"timestamp": "2025-11-14T18:44:41.775539Z", "level": "ERROR", "module": "cost_tracking", "message": "Failed to check budget for job 510e99ac-dec4-47fe-b013-7cca4243e857: Failed to get total cost: 'Mock' object is not subscriptable", "job_id": "510e99ac-dec4-47fe-b013-7cca4243e857", "error": "Failed to get total cost: 'Mock' object is not subscriptable"}
{"timestamp": "2025-11-14T18:44:41.777716Z", "level": "ERROR", "module": "cost_tracking", "message": "Failed to get total cost for job a8d4a14e-6360-4fd1-8a6f-b16cd27c2b7f: 'Mock' object is not subscriptable", "job_id": "a8d4a14e-6360-4fd1-8a6f-b16cd27c2b7f", "error": "'Mock' object is not subscriptable"}
{"timestamp": "2025-11-14T18:44:41.777773Z", "level": "ERROR", "module": "cost_tracking", "message": "Failed to check budget for job a8d4a14e-6360-4fd1-8a6f-b16cd27c2b7f: Failed to get total cost: 'Mock' object is not subscriptable", "job_id": "a8d4a14e-6360-4fd1-8a6f-b16cd27c2b7f", "error": "Failed to get total cost: 'Mock' object is not subscriptable"}
{"timestamp": "2025-11-14T18:44:41.779915Z", "level": "ERROR", "module": "cost_tracking", "message": "Failed to get total cost for job 3055c7d3-3956-45ea-aa2c-a5a798ae842f: 'Mock' object is not subscriptable", "job_id": "3055c7d3-3956-45ea-aa2c-a5a798ae842f", "error": "'Mock' object is not subscriptable"}
{"timestamp": "2025-11-14T18:44:41.779976Z", "level": "ERROR", "module": "cost_tracking", "message": "Failed to enforce budget limit for job 3055c7d3-3956-45ea-aa2c-a5a798ae842f: Failed to get total cost: 'Mock' object is not subscriptable", "job_id": "3055c7d3-3956-45ea-aa2c-a5a798ae842f", "error": "Failed to get total cost: 'Mock' object is not subscriptable"}
{"timestamp": "2025-11-14T18:44:41.783267Z", "level": "ERROR", "module": "cost_tracking", "message": "Failed to get total cost for job 3f9649a9-252a-4969-b629-7b9c058046d2: 'Mock' object is not subscriptable", "job_id": "3f9649a9-252a-4969-b629-7b9c058046d2", "error": "'Mock' object is not subscriptable"}
{"timestamp": "2025-11-14T18:44:41.783340Z", "level": "ERROR", "module": "cost_tracking", "message": "Failed to enforce budget limit for job 3f9649a9-252a-4969-b629-7b9c058046d2: Failed to get total cost: 'Mock' object is not subscriptable", "job_id": "3f9649a9-252a-4969-b629-7b9c058046d2", "error": "Failed to get total cost: 'Mock' object is not subscriptable"}
{"timestamp": "2025-11-14T18:44:41.786654Z", "level": "ERROR", "module": "cost_tracking", "message": "Failed to track cost for job ff8f8288-8719-4c45-b4e1-1daf7c9b653c: 'Mock' object is not subscriptable", "job_id": "ff8f8288-8719-4c45-b4e1-1daf7c9b653c", "error": "'Mock' object is not subscriptable"}
{"timestamp": "2025-11-14T18:44:41.789068Z", "level": "ERROR", "module": "cost_tracking", "message": "Failed to track cost for job aba45992-edc8-42a9-88d6-6c10e52709b3: 'Mock' object is not subscriptable", "job_id": "aba45992-edc8-42a9-88d6-6c10e52709b3", "error": "'Mock' object is not subscriptable"}
{"timestamp": "2025-11-14T18:44:41.790902Z", "level": "ERROR", "module": "cost_tracking", "message": "Failed to get total cost for job fb91dabe-1c8b-4d9c-a9c8-fae6710a1c93: 'Mock' object is not subscriptable", "job_id": "fb91dabe-1c8b-4d9c-a9c8-fae6710a1c93", "error": "'Mock' object is not subscriptable"}
{"timestamp": "2025-11-14T18:44:59.827517Z", "level": "INFO", "module": "test_logging", "message": "Test message", "key": "value"}
{"timestamp": "2025-11-14T18:44:59.828615Z", "level": "INFO", "module": "test_logging", "message": "Test message", "job_id": "c2e3d86b-c938-411b-82e2-092b1aaad888"}
{"timestamp": "2025-11-14T18:44:59.829546Z", "level": "INFO", "module": "test_logging", "message": "Test message"}
{"timestamp": "2025-11-14T18:44:59.831077Z", "level": "INFO", "module": "test_logging", "message": "Test message", "duration": 180, "status": "success", "count": 5}
{"timestamp": "2025-11-14T18:44:59.834721Z", "level": "ERROR", "module": "test_logging", "message": "Exception occurred", "exception": "Traceback (most recent call last):\n  File \"/Users/user/Desktop/Github/VideoGen/project/backend/shared/tests/test_logging.py\", line 130, in test_logger_includes_exception\n    raise ValueError(\"Test error\")\nValueError: Test error"}
{"timestamp": "2025-11-14T18:44:59.839415Z", "level": "WARNING", "module": "test_logging", "message": "Warning message"}
{"timestamp": "2025-11-14T18:44:59.839494Z", "level": "ERROR", "module": "test_logging", "message": "Error message"}
{"timestamp": "2025-11-14T18:44:59.840596Z", "level": "INFO", "module": "test_logging", "message": "Test message", "list": "[1, 2, 3]", "dict": "{'key': 'value'}", "uuid": "e8acb0a9-7fc6-4c18-9852-868b9025689d"}
{"timestamp": "2025-11-14T18:44:59.886011Z", "level": "WARNING", "module": "retry", "message": "Retry attempt 1/3 for retryable_function after 0.1s delay", "error": "Temporary failure", "attempt": 1}
{"timestamp": "2025-11-14T18:44:59.988874Z", "level": "WARNING", "module": "retry", "message": "Retry attempt 1/3 for always_fails after 0.1s delay", "error": "Always fails", "attempt": 1}
{"timestamp": "2025-11-14T18:45:00.090497Z", "level": "WARNING", "module": "retry", "message": "Retry attempt 2/3 for always_fails after 0.2s delay", "error": "Always fails", "attempt": 2}
{"timestamp": "2025-11-14T18:45:00.292052Z", "level": "ERROR", "module": "retry", "message": "All 3 retry attempts failed for always_fails", "error": "Always fails"}
{"timestamp": "2025-11-14T18:45:00.294061Z", "level": "WARNING", "module": "retry", "message": "Retry attempt 1/3 for track_timing after 0.1s delay", "error": "Retry", "attempt": 1}
{"timestamp": "2025-11-14T18:45:00.395561Z", "level": "WARNING", "module": "retry", "message": "Retry attempt 2/3 for track_timing after 0.2s delay", "error": "Retry", "attempt": 2}
{"timestamp": "2025-11-14T18:45:00.599664Z", "level": "ERROR", "module": "retry", "message": "Non-retryable error in non_retryable_error: Non-retryable", "error": "Non-retryable"}
{"timestamp": "2025-11-14T18:45:00.600659Z", "level": "WARNING", "module": "retry", "message": "Retry attempt 1/3 for custom_retryable after 0.1s delay", "error": "Connection failed", "attempt": 1}
{"timestamp": "2025-11-14T18:45:00.718229Z", "level": "WARNING", "module": "retry", "message": "Retry attempt 1/3 for sync_function after 0.1s delay", "error": "Retry", "attempt": 1}
{"timestamp": "2025-11-14T18:45:00.825055Z", "level": "WARNING", "module": "retry", "message": "Retry attempt 1/2 for logged_function after 0.1s delay", "error": "Retry", "attempt": 1}
{"timestamp": "2025-11-14T18:45:00.926321Z", "level": "ERROR", "module": "retry", "message": "All 2 retry attempts failed for logged_function", "error": "Retry"}
{"timestamp": "2025-11-14T18:45:00.930660Z", "level": "INFO", "module": "storage", "message": "Uploaded file to audio-uploads/test/path.mp3", "bucket": "audio-uploads", "path": "test/path.mp3", "size": 17}
{"timestamp": "2025-11-14T18:45:00.934221Z", "level": "ERROR", "module": "retry", "message": "Non-retryable error in upload_file: File size (11.00 MB) exceeds maximum of 10.00 MB for bucket audio-uploads", "error": "File size (11.00 MB) exceeds maximum of 10.00 MB for bucket audio-uploads"}
{"timestamp": "2025-11-14T18:45:00.936174Z", "level": "INFO", "module": "storage", "message": "Uploaded file to audio-uploads/test/path.mp3", "bucket": "audio-uploads", "path": "test/path.mp3", "size": 12}
{"timestamp": "2025-11-14T18:45:00.937718Z", "level": "INFO", "module": "storage", "message": "Downloaded file from audio-uploads/test/path.mp3", "bucket": "audio-uploads", "path": "test/path.mp3"}
{"timestamp": "2025-11-14T18:45:00.939222Z", "level": "INFO", "module": "storage", "message": "Generated signed URL for video-outputs/test/path.mp3", "bucket": "video-outputs", "path": "test/path.mp3", "expires_in": 3600}
{"timestamp": "2025-11-14T18:45:00.940817Z", "level": "INFO", "module": "storage", "message": "Generated signed URL for video-outputs/test/path.mp3", "bucket": "video-outputs", "path": "test/path.mp3", "expires_in": 3600}
{"timestamp": "2025-11-14T18:45:00.943143Z", "level": "INFO", "module": "storage", "message": "Deleted file from video-clips/test/path.mp4", "bucket": "video-clips", "path": "test/path.mp4"}
{"timestamp": "2025-11-14T18:45:00.944619Z", "level": "ERROR", "module": "storage", "message": "Failed to upload file to audio-uploads/test/path.mp3: Upload failed", "bucket": "audio-uploads", "path": "test/path.mp3", "error": "Upload failed"}
{"timestamp": "2025-11-14T18:45:00.944675Z", "level": "WARNING", "module": "retry", "message": "Retry attempt 1/3 for upload_file after 2s delay", "error": "Failed to upload file: Upload failed", "attempt": 1}
{"timestamp": "2025-11-14T18:45:02.946254Z", "level": "ERROR", "module": "storage", "message": "Failed to upload file to audio-uploads/test/path.mp3: Upload failed", "bucket": "audio-uploads", "path": "test/path.mp3", "error": "Upload failed"}
{"timestamp": "2025-11-14T18:45:02.946422Z", "level": "WARNING", "module": "retry", "message": "Retry attempt 2/3 for upload_file after 4s delay", "error": "Failed to upload file: Upload failed", "attempt": 2}
{"timestamp": "2025-11-14T18:45:06.948202Z", "level": "ERROR", "module": "storage", "message": "Failed to upload file to audio-uploads/test/path.mp3: Upload failed", "bucket": "audio-uploads", "path": "test/path.mp3", "error": "Upload failed"}
{"timestamp": "2025-11-14T18:45:06.948344Z", "level": "ERROR", "module": "retry", "message": "All 3 retry attempts failed for upload_file", "error": "Failed to upload file: Upload failed"}
{"timestamp": "2025-11-14T18:45:06.951439Z", "level": "ERROR", "module": "storage", "message": "Failed to download file from audio-uploads/test/path.mp3: Download failed", "bucket": "audio-uploads", "path": "test/path.mp3", "error": "Download failed"}
{"timestamp": "2025-11-14T18:45:06.951526Z", "level": "WARNING", "module": "retry", "message": "Retry attempt 1/3 for download_file after 2s delay", "error": "Failed to download file: Download failed", "attempt": 1}
{"timestamp": "2025-11-14T18:45:08.953177Z", "level": "ERROR", "module": "storage", "message": "Failed to download file from audio-uploads/test/path.mp3: Download failed", "bucket": "audio-uploads", "path": "test/path.mp3", "error": "Download failed"}
{"timestamp": "2025-11-14T18:45:08.953412Z", "level": "WARNING", "module": "retry", "message": "Retry attempt 2/3 for download_file after 4s delay", "error": "Failed to download file: Download failed", "attempt": 2}
{"timestamp": "2025-11-14T18:45:12.955194Z", "level": "ERROR", "module": "storage", "message": "Failed to download file from audio-uploads/test/path.mp3: Download failed", "bucket": "audio-uploads", "path": "test/path.mp3", "error": "Download failed"}
{"timestamp": "2025-11-14T18:45:12.955516Z", "level": "ERROR", "module": "retry", "message": "All 3 retry attempts failed for download_file", "error": "Failed to download file: Download failed"}
{"timestamp": "2025-11-14T18:45:21.699230Z", "level": "ERROR", "module": "cost_tracking", "message": "Failed to track cost for job 5cfd5e69-f745-48d9-8a3a-55f9f721b5b2: 'Mock' object is not subscriptable", "job_id": "5cfd5e69-f745-48d9-8a3a-55f9f721b5b2", "error": "'Mock' object is not subscriptable"}
{"timestamp": "2025-11-14T18:45:21.727771Z", "level": "ERROR", "module": "cost_tracking", "message": "Failed to get total cost for job 9fd7767f-848f-4a87-9df9-ffb9f6efbcd0: 'Mock' object is not subscriptable", "job_id": "9fd7767f-848f-4a87-9df9-ffb9f6efbcd0", "error": "'Mock' object is not subscriptable"}
{"timestamp": "2025-11-14T18:45:21.733866Z", "level": "ERROR", "module": "cost_tracking", "message": "Failed to get total cost for job 405d2a94-6a48-4058-8e82-30754da9dd93: 'Mock' object is not subscriptable", "job_id": "405d2a94-6a48-4058-8e82-30754da9dd93", "error": "'Mock' object is not subscriptable"}
{"timestamp": "2025-11-14T18:45:21.739717Z", "level": "ERROR", "module": "cost_tracking", "message": "Failed to get total cost for job 810150d5-e9c9-46ae-b963-7a43b7a4c59c: 'Mock' object is not subscriptable", "job_id": "810150d5-e9c9-46ae-b963-7a43b7a4c59c", "error": "'Mock' object is not subscriptable"}
{"timestamp": "2025-11-14T18:45:21.739794Z", "level": "ERROR", "module": "cost_tracking", "message": "Failed to check budget for job 810150d5-e9c9-46ae-b963-7a43b7a4c59c: Failed to get total cost: 'Mock' object is not subscriptable", "job_id": "810150d5-e9c9-46ae-b963-7a43b7a4c59c", "error": "Failed to get total cost: 'Mock' object is not subscriptable"}
{"timestamp": "2025-11-14T18:45:21.747254Z", "level": "ERROR", "module": "cost_tracking", "message": "Failed to get total cost for job 4e2571ce-815f-4ab0-ac98-4efacea89387: 'Mock' object is not subscriptable", "job_id": "4e2571ce-815f-4ab0-ac98-4efacea89387", "error": "'Mock' object is not subscriptable"}
{"timestamp": "2025-11-14T18:45:21.747314Z", "level": "ERROR", "module": "cost_tracking", "message": "Failed to check budget for job 4e2571ce-815f-4ab0-ac98-4efacea89387: Failed to get total cost: 'Mock' object is not subscriptable", "job_id": "4e2571ce-815f-4ab0-ac98-4efacea89387", "error": "Failed to get total cost: 'Mock' object is not subscriptable"}
{"timestamp": "2025-11-14T18:45:21.754436Z", "level": "ERROR", "module": "cost_tracking", "message": "Failed to get total cost for job 69f99800-bf40-402a-af41-10b2828c58f1: 'Mock' object is not subscriptable", "job_id": "69f99800-bf40-402a-af41-10b2828c58f1", "error": "'Mock' object is not subscriptable"}
{"timestamp": "2025-11-14T18:45:21.754504Z", "level": "ERROR", "module": "cost_tracking", "message": "Failed to enforce budget limit for job 69f99800-bf40-402a-af41-10b2828c58f1: Failed to get total cost: 'Mock' object is not subscriptable", "job_id": "69f99800-bf40-402a-af41-10b2828c58f1", "error": "Failed to get total cost: 'Mock' object is not subscriptable"}
{"timestamp": "2025-11-14T18:45:21.761892Z", "level": "ERROR", "module": "cost_tracking", "message": "Failed to get total cost for job 5d090fd3-0445-4c02-8143-900acaaf9337: 'Mock' object is not subscriptable", "job_id": "5d090fd3-0445-4c02-8143-900acaaf9337", "error": "'Mock' object is not subscriptable"}
{"timestamp": "2025-11-14T18:45:21.761959Z", "level": "ERROR", "module": "cost_tracking", "message": "Failed to enforce budget limit for job 5d090fd3-0445-4c02-8143-900acaaf9337: Failed to get total cost: 'Mock' object is not subscriptable", "job_id": "5d090fd3-0445-4c02-8143-900acaaf9337", "error": "Failed to get total cost: 'Mock' object is not subscriptable"}
{"timestamp": "2025-11-14T18:45:21.769657Z", "level": "ERROR", "module": "cost_tracking", "message": "Failed to track cost for job b43a78e4-2105-4726-8c10-054524cab136: 'Mock' object is not subscriptable", "job_id": "b43a78e4-2105-4726-8c10-054524cab136", "error": "'Mock' object is not subscriptable"}
{"timestamp": "2025-11-14T18:45:21.784858Z", "level": "ERROR", "module": "cost_tracking", "message": "Failed to track cost for job 951f5616-59a8-44b8-960a-f67e5c9a61f4: 'Mock' object is not subscriptable", "job_id": "951f5616-59a8-44b8-960a-f67e5c9a61f4", "error": "'Mock' object is not subscriptable"}
{"timestamp": "2025-11-14T18:45:21.786286Z", "level": "ERROR", "module": "cost_tracking", "message": "Failed to get total cost for job 6417a07a-d2d7-4f31-ba44-7cce77830d86: 'Mock' object is not subscriptable", "job_id": "6417a07a-d2d7-4f31-ba44-7cce77830d86", "error": "'Mock' object is not subscriptable"}
{"timestamp": "2025-11-14T18:45:39.834673Z", "level": "INFO", "module": "test_logging", "message": "Test message", "key": "value"}
{"timestamp": "2025-11-14T18:45:39.835616Z", "level": "INFO", "module": "test_logging", "message": "Test message", "job_id": "2389c320-3a30-4a7c-b703-b8aa50f797d7"}
{"timestamp": "2025-11-14T18:45:39.836446Z", "level": "INFO", "module": "test_logging", "message": "Test message"}
{"timestamp": "2025-11-14T18:45:39.838017Z", "level": "INFO", "module": "test_logging", "message": "Test message", "duration": 180, "status": "success", "count": 5}
{"timestamp": "2025-11-14T18:45:39.840507Z", "level": "ERROR", "module": "test_logging", "message": "Exception occurred", "exception": "Traceback (most recent call last):\n  File \"/Users/user/Desktop/Github/VideoGen/project/backend/shared/tests/test_logging.py\", line 130, in test_logger_includes_exception\n    raise ValueError(\"Test error\")\nValueError: Test error"}
{"timestamp": "2025-11-14T18:45:39.841556Z", "level": "WARNING", "module": "test_logging", "message": "Warning message"}
{"timestamp": "2025-11-14T18:45:39.841633Z", "level": "ERROR", "module": "test_logging", "message": "Error message"}
{"timestamp": "2025-11-14T18:45:39.842419Z", "level": "INFO", "module": "test_logging", "message": "Test message", "list": "[1, 2, 3]", "dict": "{'key': 'value'}", "uuid": "bdfbcb77-d9a3-4bb1-9906-5fbc50930f7d"}
{"timestamp": "2025-11-14T18:45:40.385802Z", "level": "WARNING", "module": "retry", "message": "Retry attempt 1/3 for retryable_function after 0.1s delay", "error": "Temporary failure", "attempt": 1}
{"timestamp": "2025-11-14T18:45:40.488461Z", "level": "WARNING", "module": "retry", "message": "Retry attempt 1/3 for always_fails after 0.1s delay", "error": "Always fails", "attempt": 1}
{"timestamp": "2025-11-14T18:45:40.590161Z", "level": "WARNING", "module": "retry", "message": "Retry attempt 2/3 for always_fails after 0.2s delay", "error": "Always fails", "attempt": 2}
{"timestamp": "2025-11-14T18:45:40.792167Z", "level": "ERROR", "module": "retry", "message": "All 3 retry attempts failed for always_fails", "error": "Always fails"}
{"timestamp": "2025-11-14T18:45:40.795152Z", "level": "WARNING", "module": "retry", "message": "Retry attempt 1/3 for track_timing after 0.1s delay", "error": "Retry", "attempt": 1}
{"timestamp": "2025-11-14T18:45:40.896699Z", "level": "WARNING", "module": "retry", "message": "Retry attempt 2/3 for track_timing after 0.2s delay", "error": "Retry", "attempt": 2}
{"timestamp": "2025-11-14T18:45:41.100834Z", "level": "ERROR", "module": "retry", "message": "Non-retryable error in non_retryable_error: Non-retryable", "error": "Non-retryable"}
{"timestamp": "2025-11-14T18:45:41.102766Z", "level": "WARNING", "module": "retry", "message": "Retry attempt 1/3 for custom_retryable after 0.1s delay", "error": "Connection failed", "attempt": 1}
{"timestamp": "2025-11-14T18:45:41.207986Z", "level": "WARNING", "module": "retry", "message": "Retry attempt 1/3 for sync_function after 0.1s delay", "error": "Retry", "attempt": 1}
{"timestamp": "2025-11-14T18:45:41.315934Z", "level": "WARNING", "module": "retry", "message": "Retry attempt 1/2 for logged_function after 0.1s delay", "error": "Retry", "attempt": 1}
{"timestamp": "2025-11-14T18:45:41.417886Z", "level": "ERROR", "module": "retry", "message": "All 2 retry attempts failed for logged_function", "error": "Retry"}
{"timestamp": "2025-11-14T18:45:41.429583Z", "level": "INFO", "module": "storage", "message": "Uploaded file to audio-uploads/test/path.mp3", "bucket": "audio-uploads", "path": "test/path.mp3", "size": 17}
{"timestamp": "2025-11-14T18:45:41.436216Z", "level": "ERROR", "module": "retry", "message": "Non-retryable error in upload_file: File size (11.00 MB) exceeds maximum of 10.00 MB for bucket audio-uploads", "error": "File size (11.00 MB) exceeds maximum of 10.00 MB for bucket audio-uploads"}
{"timestamp": "2025-11-14T18:45:41.439279Z", "level": "INFO", "module": "storage", "message": "Uploaded file to audio-uploads/test/path.mp3", "bucket": "audio-uploads", "path": "test/path.mp3", "size": 12}
{"timestamp": "2025-11-14T18:45:41.442192Z", "level": "INFO", "module": "storage", "message": "Downloaded file from audio-uploads/test/path.mp3", "bucket": "audio-uploads", "path": "test/path.mp3"}
{"timestamp": "2025-11-14T18:45:41.444663Z", "level": "INFO", "module": "storage", "message": "Generated signed URL for video-outputs/test/path.mp3", "bucket": "video-outputs", "path": "test/path.mp3", "expires_in": 3600}
{"timestamp": "2025-11-14T18:45:41.446873Z", "level": "INFO", "module": "storage", "message": "Generated signed URL for video-outputs/test/path.mp3", "bucket": "video-outputs", "path": "test/path.mp3", "expires_in": 3600}
{"timestamp": "2025-11-14T18:45:41.450072Z", "level": "INFO", "module": "storage", "message": "Deleted file from video-clips/test/path.mp4", "bucket": "video-clips", "path": "test/path.mp4"}
{"timestamp": "2025-11-14T18:45:41.452091Z", "level": "ERROR", "module": "storage", "message": "Failed to upload file to audio-uploads/test/path.mp3: Upload failed", "bucket": "audio-uploads", "path": "test/path.mp3", "error": "Upload failed"}
{"timestamp": "2025-11-14T18:45:41.452175Z", "level": "WARNING", "module": "retry", "message": "Retry attempt 1/3 for upload_file after 2s delay", "error": "Failed to upload file: Upload failed", "attempt": 1}
{"timestamp": "2025-11-14T18:45:43.453784Z", "level": "ERROR", "module": "storage", "message": "Failed to upload file to audio-uploads/test/path.mp3: Upload failed", "bucket": "audio-uploads", "path": "test/path.mp3", "error": "Upload failed"}
{"timestamp": "2025-11-14T18:45:43.453998Z", "level": "WARNING", "module": "retry", "message": "Retry attempt 2/3 for upload_file after 4s delay", "error": "Failed to upload file: Upload failed", "attempt": 2}
{"timestamp": "2025-11-14T18:45:47.455490Z", "level": "ERROR", "module": "storage", "message": "Failed to upload file to audio-uploads/test/path.mp3: Upload failed", "bucket": "audio-uploads", "path": "test/path.mp3", "error": "Upload failed"}
{"timestamp": "2025-11-14T18:45:47.455733Z", "level": "ERROR", "module": "retry", "message": "All 3 retry attempts failed for upload_file", "error": "Failed to upload file: Upload failed"}
{"timestamp": "2025-11-14T18:45:47.463120Z", "level": "ERROR", "module": "storage", "message": "Failed to download file from audio-uploads/test/path.mp3: Download failed", "bucket": "audio-uploads", "path": "test/path.mp3", "error": "Download failed"}
{"timestamp": "2025-11-14T18:45:47.463302Z", "level": "WARNING", "module": "retry", "message": "Retry attempt 1/3 for download_file after 2s delay", "error": "Failed to download file: Download failed", "attempt": 1}
{"timestamp": "2025-11-14T18:45:49.465125Z", "level": "ERROR", "module": "storage", "message": "Failed to download file from audio-uploads/test/path.mp3: Download failed", "bucket": "audio-uploads", "path": "test/path.mp3", "error": "Download failed"}
{"timestamp": "2025-11-14T18:45:49.465436Z", "level": "WARNING", "module": "retry", "message": "Retry attempt 2/3 for download_file after 4s delay", "error": "Failed to download file: Download failed", "attempt": 2}
{"timestamp": "2025-11-14T18:45:53.467078Z", "level": "ERROR", "module": "storage", "message": "Failed to download file from audio-uploads/test/path.mp3: Download failed", "bucket": "audio-uploads", "path": "test/path.mp3", "error": "Download failed"}
{"timestamp": "2025-11-14T18:45:53.467283Z", "level": "ERROR", "module": "retry", "message": "All 3 retry attempts failed for download_file", "error": "Failed to download file: Download failed"}
{"timestamp": "2025-11-14T18:47:31.905096Z", "level": "ERROR", "module": "cost_tracking", "message": "Failed to track cost for job c3a5f46e-e3f9-484f-9a43-ec6c013b2685: 'Mock' object is not subscriptable", "job_id": "c3a5f46e-e3f9-484f-9a43-ec6c013b2685", "error": "'Mock' object is not subscriptable"}
{"timestamp": "2025-11-14T18:47:31.909543Z", "level": "ERROR", "module": "cost_tracking", "message": "Failed to get total cost for job 23df8ca2-f4fe-49fe-b4ee-2215612c00ea: 'Mock' object is not subscriptable", "job_id": "23df8ca2-f4fe-49fe-b4ee-2215612c00ea", "error": "'Mock' object is not subscriptable"}
{"timestamp": "2025-11-14T18:47:31.911877Z", "level": "ERROR", "module": "cost_tracking", "message": "Failed to get total cost for job 5f22cbc8-65fa-47a4-ba38-ab913f01dabb: 'Mock' object is not subscriptable", "job_id": "5f22cbc8-65fa-47a4-ba38-ab913f01dabb", "error": "'Mock' object is not subscriptable"}
{"timestamp": "2025-11-14T18:47:31.914029Z", "level": "ERROR", "module": "cost_tracking", "message": "Failed to get total cost for job fac24f8d-4807-422d-acf6-193af1a9d279: 'Mock' object is not subscriptable", "job_id": "fac24f8d-4807-422d-acf6-193af1a9d279", "error": "'Mock' object is not subscriptable"}
{"timestamp": "2025-11-14T18:47:31.914089Z", "level": "ERROR", "module": "cost_tracking", "message": "Failed to check budget for job fac24f8d-4807-422d-acf6-193af1a9d279: Failed to get total cost: 'Mock' object is not subscriptable", "job_id": "fac24f8d-4807-422d-acf6-193af1a9d279", "error": "Failed to get total cost: 'Mock' object is not subscriptable"}
{"timestamp": "2025-11-14T18:47:31.916898Z", "level": "ERROR", "module": "cost_tracking", "message": "Failed to get total cost for job bbc0063a-85a4-449e-988f-54cab4506045: 'Mock' object is not subscriptable", "job_id": "bbc0063a-85a4-449e-988f-54cab4506045", "error": "'Mock' object is not subscriptable"}
{"timestamp": "2025-11-14T18:47:31.916964Z", "level": "ERROR", "module": "cost_tracking", "message": "Failed to check budget for job bbc0063a-85a4-449e-988f-54cab4506045: Failed to get total cost: 'Mock' object is not subscriptable", "job_id": "bbc0063a-85a4-449e-988f-54cab4506045", "error": "Failed to get total cost: 'Mock' object is not subscriptable"}
{"timestamp": "2025-11-14T18:47:31.919249Z", "level": "ERROR", "module": "cost_tracking", "message": "Failed to get total cost for job 5c88803a-7212-42c3-b08e-bcd6c23ea9fd: 'Mock' object is not subscriptable", "job_id": "5c88803a-7212-42c3-b08e-bcd6c23ea9fd", "error": "'Mock' object is not subscriptable"}
{"timestamp": "2025-11-14T18:47:31.919304Z", "level": "ERROR", "module": "cost_tracking", "message": "Failed to enforce budget limit for job 5c88803a-7212-42c3-b08e-bcd6c23ea9fd: Failed to get total cost: 'Mock' object is not subscriptable", "job_id": "5c88803a-7212-42c3-b08e-bcd6c23ea9fd", "error": "Failed to get total cost: 'Mock' object is not subscriptable"}
{"timestamp": "2025-11-14T18:47:31.921564Z", "level": "ERROR", "module": "cost_tracking", "message": "Failed to get total cost for job c603a649-ac8e-4bea-bdc8-598bc46c6d4a: 'Mock' object is not subscriptable", "job_id": "c603a649-ac8e-4bea-bdc8-598bc46c6d4a", "error": "'Mock' object is not subscriptable"}
{"timestamp": "2025-11-14T18:47:31.921618Z", "level": "ERROR", "module": "cost_tracking", "message": "Failed to enforce budget limit for job c603a649-ac8e-4bea-bdc8-598bc46c6d4a: Failed to get total cost: 'Mock' object is not subscriptable", "job_id": "c603a649-ac8e-4bea-bdc8-598bc46c6d4a", "error": "Failed to get total cost: 'Mock' object is not subscriptable"}
{"timestamp": "2025-11-14T18:47:31.924917Z", "level": "ERROR", "module": "cost_tracking", "message": "Failed to track cost for job 8d7cf8c7-6e40-4afe-973e-96a5cd1362b2: 'Mock' object is not subscriptable", "job_id": "8d7cf8c7-6e40-4afe-973e-96a5cd1362b2", "error": "'Mock' object is not subscriptable"}
{"timestamp": "2025-11-14T18:47:31.928173Z", "level": "ERROR", "module": "cost_tracking", "message": "Failed to track cost for job df44d92f-7b08-423d-b34b-e297f6591e13: 'Mock' object is not subscriptable", "job_id": "df44d92f-7b08-423d-b34b-e297f6591e13", "error": "'Mock' object is not subscriptable"}
{"timestamp": "2025-11-14T18:47:31.931808Z", "level": "ERROR", "module": "cost_tracking", "message": "Failed to get total cost for job d4c8636f-0d00-496a-bed7-a7d2ca4f6cb4: 'Mock' object is not subscriptable", "job_id": "d4c8636f-0d00-496a-bed7-a7d2ca4f6cb4", "error": "'Mock' object is not subscriptable"}
{"timestamp": "2025-11-14T18:47:49.972638Z", "level": "INFO", "module": "test_logging", "message": "Test message", "key": "value"}
{"timestamp": "2025-11-14T18:47:49.973611Z", "level": "INFO", "module": "test_logging", "message": "Test message", "job_id": "eef792a5-c223-4190-85d2-ed1436f4f593"}
{"timestamp": "2025-11-14T18:47:49.974471Z", "level": "INFO", "module": "test_logging", "message": "Test message"}
{"timestamp": "2025-11-14T18:47:49.975965Z", "level": "INFO", "module": "test_logging", "message": "Test message", "duration": 180, "status": "success", "count": 5}
{"timestamp": "2025-11-14T18:47:49.978522Z", "level": "ERROR", "module": "test_logging", "message": "Exception occurred", "exception": "Traceback (most recent call last):\n  File \"/Users/user/Desktop/Github/VideoGen/project/backend/shared/tests/test_logging.py\", line 130, in test_logger_includes_exception\n    raise ValueError(\"Test error\")\nValueError: Test error"}
{"timestamp": "2025-11-14T18:47:49.979359Z", "level": "WARNING", "module": "test_logging", "message": "Warning message"}
{"timestamp": "2025-11-14T18:47:49.979430Z", "level": "ERROR", "module": "test_logging", "message": "Error message"}
{"timestamp": "2025-11-14T18:47:49.980176Z", "level": "INFO", "module": "test_logging", "message": "Test message", "list": "[1, 2, 3]", "dict": "{'key': 'value'}", "uuid": "24610a27-8ef1-4ce6-abb0-d650e9acc1eb"}
{"timestamp": "2025-11-14T18:47:50.025992Z", "level": "WARNING", "module": "retry", "message": "Retry attempt 1/3 for retryable_function after 0.1s delay", "error": "Temporary failure", "attempt": 1}
{"timestamp": "2025-11-14T18:47:50.128786Z", "level": "WARNING", "module": "retry", "message": "Retry attempt 1/3 for always_fails after 0.1s delay", "error": "Always fails", "attempt": 1}
{"timestamp": "2025-11-14T18:47:50.230292Z", "level": "WARNING", "module": "retry", "message": "Retry attempt 2/3 for always_fails after 0.2s delay", "error": "Always fails", "attempt": 2}
{"timestamp": "2025-11-14T18:47:50.431982Z", "level": "ERROR", "module": "retry", "message": "All 3 retry attempts failed for always_fails", "error": "Always fails"}
{"timestamp": "2025-11-14T18:47:50.434925Z", "level": "WARNING", "module": "retry", "message": "Retry attempt 1/3 for track_timing after 0.1s delay", "error": "Retry", "attempt": 1}
{"timestamp": "2025-11-14T18:47:50.536390Z", "level": "WARNING", "module": "retry", "message": "Retry attempt 2/3 for track_timing after 0.2s delay", "error": "Retry", "attempt": 2}
{"timestamp": "2025-11-14T18:47:50.739508Z", "level": "ERROR", "module": "retry", "message": "Non-retryable error in non_retryable_error: Non-retryable", "error": "Non-retryable"}
{"timestamp": "2025-11-14T18:47:50.740645Z", "level": "WARNING", "module": "retry", "message": "Retry attempt 1/3 for custom_retryable after 0.1s delay", "error": "Connection failed", "attempt": 1}
{"timestamp": "2025-11-14T18:47:50.842974Z", "level": "WARNING", "module": "retry", "message": "Retry attempt 1/3 for sync_function after 0.1s delay", "error": "Retry", "attempt": 1}
{"timestamp": "2025-11-14T18:47:50.949373Z", "level": "WARNING", "module": "retry", "message": "Retry attempt 1/2 for logged_function after 0.1s delay", "error": "Retry", "attempt": 1}
{"timestamp": "2025-11-14T18:47:51.050696Z", "level": "ERROR", "module": "retry", "message": "All 2 retry attempts failed for logged_function", "error": "Retry"}
{"timestamp": "2025-11-14T18:47:51.056044Z", "level": "INFO", "module": "storage", "message": "Uploaded file to audio-uploads/test/path.mp3", "bucket": "audio-uploads", "path": "test/path.mp3", "size": 17}
{"timestamp": "2025-11-14T18:47:51.059946Z", "level": "ERROR", "module": "retry", "message": "Non-retryable error in upload_file: File size (11.00 MB) exceeds maximum of 10.00 MB for bucket audio-uploads", "error": "File size (11.00 MB) exceeds maximum of 10.00 MB for bucket audio-uploads"}
{"timestamp": "2025-11-14T18:47:51.062032Z", "level": "INFO", "module": "storage", "message": "Uploaded file to audio-uploads/test/path.mp3", "bucket": "audio-uploads", "path": "test/path.mp3", "size": 12}
{"timestamp": "2025-11-14T18:47:51.063712Z", "level": "INFO", "module": "storage", "message": "Downloaded file from audio-uploads/test/path.mp3", "bucket": "audio-uploads", "path": "test/path.mp3"}
{"timestamp": "2025-11-14T18:47:51.065216Z", "level": "INFO", "module": "storage", "message": "Generated signed URL for video-outputs/test/path.mp3", "bucket": "video-outputs", "path": "test/path.mp3", "expires_in": 3600}
{"timestamp": "2025-11-14T18:47:51.066697Z", "level": "INFO", "module": "storage", "message": "Generated signed URL for video-outputs/test/path.mp3", "bucket": "video-outputs", "path": "test/path.mp3", "expires_in": 3600}
{"timestamp": "2025-11-14T18:47:51.068250Z", "level": "INFO", "module": "storage", "message": "Deleted file from video-clips/test/path.mp4", "bucket": "video-clips", "path": "test/path.mp4"}
{"timestamp": "2025-11-14T18:47:51.069732Z", "level": "ERROR", "module": "storage", "message": "Failed to upload file to audio-uploads/test/path.mp3: Upload failed", "bucket": "audio-uploads", "path": "test/path.mp3", "error": "Upload failed"}
{"timestamp": "2025-11-14T18:47:51.069787Z", "level": "WARNING", "module": "retry", "message": "Retry attempt 1/3 for upload_file after 2s delay", "error": "Failed to upload file: Upload failed", "attempt": 1}
{"timestamp": "2025-11-14T18:47:53.071323Z", "level": "ERROR", "module": "storage", "message": "Failed to upload file to audio-uploads/test/path.mp3: Upload failed", "bucket": "audio-uploads", "path": "test/path.mp3", "error": "Upload failed"}
{"timestamp": "2025-11-14T18:47:53.071557Z", "level": "WARNING", "module": "retry", "message": "Retry attempt 2/3 for upload_file after 4s delay", "error": "Failed to upload file: Upload failed", "attempt": 2}
{"timestamp": "2025-11-14T18:47:57.073609Z", "level": "ERROR", "module": "storage", "message": "Failed to upload file to audio-uploads/test/path.mp3: Upload failed", "bucket": "audio-uploads", "path": "test/path.mp3", "error": "Upload failed"}
{"timestamp": "2025-11-14T18:47:57.074060Z", "level": "ERROR", "module": "retry", "message": "All 3 retry attempts failed for upload_file", "error": "Failed to upload file: Upload failed"}
{"timestamp": "2025-11-14T18:47:57.082545Z", "level": "ERROR", "module": "storage", "message": "Failed to download file from audio-uploads/test/path.mp3: Download failed", "bucket": "audio-uploads", "path": "test/path.mp3", "error": "Download failed"}
{"timestamp": "2025-11-14T18:47:57.082750Z", "level": "WARNING", "module": "retry", "message": "Retry attempt 1/3 for download_file after 2s delay", "error": "Failed to download file: Download failed", "attempt": 1}
{"timestamp": "2025-11-14T18:47:59.084397Z", "level": "ERROR", "module": "storage", "message": "Failed to download file from audio-uploads/test/path.mp3: Download failed", "bucket": "audio-uploads", "path": "test/path.mp3", "error": "Download failed"}
{"timestamp": "2025-11-14T18:47:59.084612Z", "level": "WARNING", "module": "retry", "message": "Retry attempt 2/3 for download_file after 4s delay", "error": "Failed to download file: Download failed", "attempt": 2}
{"timestamp": "2025-11-14T18:48:03.086297Z", "level": "ERROR", "module": "storage", "message": "Failed to download file from audio-uploads/test/path.mp3: Download failed", "bucket": "audio-uploads", "path": "test/path.mp3", "error": "Download failed"}
{"timestamp": "2025-11-14T18:48:03.086506Z", "level": "ERROR", "module": "retry", "message": "All 3 retry attempts failed for download_file", "error": "Failed to download file: Download failed"}
{"timestamp": "2025-11-14T18:48:09.849938Z", "level": "ERROR", "module": "cost_tracking", "message": "Failed to track cost for job c594ed92-fd46-4128-acd4-bbfb1d47e3f1: 'Mock' object is not subscriptable", "job_id": "c594ed92-fd46-4128-acd4-bbfb1d47e3f1", "error": "'Mock' object is not subscriptable"}
{"timestamp": "2025-11-14T18:48:09.854069Z", "level": "ERROR", "module": "cost_tracking", "message": "Failed to get total cost for job 86a27234-3ab0-478d-a892-dfa3685bd848: 'Mock' object is not subscriptable", "job_id": "86a27234-3ab0-478d-a892-dfa3685bd848", "error": "'Mock' object is not subscriptable"}
{"timestamp": "2025-11-14T18:48:09.856111Z", "level": "ERROR", "module": "cost_tracking", "message": "Failed to get total cost for job b17d3818-166e-4c7a-b09b-f517c22bcbe6: 'Mock' object is not subscriptable", "job_id": "b17d3818-166e-4c7a-b09b-f517c22bcbe6", "error": "'Mock' object is not subscriptable"}
{"timestamp": "2025-11-14T18:48:09.859131Z", "level": "ERROR", "module": "cost_tracking", "message": "Failed to get total cost for job 8de0c860-a284-4c5e-bd8e-7bbd55295744: 'Mock' object is not subscriptable", "job_id": "8de0c860-a284-4c5e-bd8e-7bbd55295744", "error": "'Mock' object is not subscriptable"}
{"timestamp": "2025-11-14T18:48:09.859195Z", "level": "ERROR", "module": "cost_tracking", "message": "Failed to check budget for job 8de0c860-a284-4c5e-bd8e-7bbd55295744: Failed to get total cost: 'Mock' object is not subscriptable", "job_id": "8de0c860-a284-4c5e-bd8e-7bbd55295744", "error": "Failed to get total cost: 'Mock' object is not subscriptable"}
{"timestamp": "2025-11-14T18:48:09.861441Z", "level": "ERROR", "module": "cost_tracking", "message": "Failed to get total cost for job 8c90d2f0-10ff-432f-a318-f667a4dba5ec: 'Mock' object is not subscriptable", "job_id": "8c90d2f0-10ff-432f-a318-f667a4dba5ec", "error": "'Mock' object is not subscriptable"}
{"timestamp": "2025-11-14T18:48:09.861499Z", "level": "ERROR", "module": "cost_tracking", "message": "Failed to check budget for job 8c90d2f0-10ff-432f-a318-f667a4dba5ec: Failed to get total cost: 'Mock' object is not subscriptable", "job_id": "8c90d2f0-10ff-432f-a318-f667a4dba5ec", "error": "Failed to get total cost: 'Mock' object is not subscriptable"}
{"timestamp": "2025-11-14T18:48:09.863852Z", "level": "ERROR", "module": "cost_tracking", "message": "Failed to get total cost for job 35d8dbce-9c4c-4f34-b4fc-349789338184: 'Mock' object is not subscriptable", "job_id": "35d8dbce-9c4c-4f34-b4fc-349789338184", "error": "'Mock' object is not subscriptable"}
{"timestamp": "2025-11-14T18:48:09.863914Z", "level": "ERROR", "module": "cost_tracking", "message": "Failed to enforce budget limit for job 35d8dbce-9c4c-4f34-b4fc-349789338184: Failed to get total cost: 'Mock' object is not subscriptable", "job_id": "35d8dbce-9c4c-4f34-b4fc-349789338184", "error": "Failed to get total cost: 'Mock' object is not subscriptable"}
{"timestamp": "2025-11-14T18:48:09.866690Z", "level": "ERROR", "module": "cost_tracking", "message": "Failed to get total cost for job b4e5c15b-977a-4acc-b709-4fece050edd9: 'Mock' object is not subscriptable", "job_id": "b4e5c15b-977a-4acc-b709-4fece050edd9", "error": "'Mock' object is not subscriptable"}
{"timestamp": "2025-11-14T18:48:09.866756Z", "level": "ERROR", "module": "cost_tracking", "message": "Failed to enforce budget limit for job b4e5c15b-977a-4acc-b709-4fece050edd9: Failed to get total cost: 'Mock' object is not subscriptable", "job_id": "b4e5c15b-977a-4acc-b709-4fece050edd9", "error": "Failed to get total cost: 'Mock' object is not subscriptable"}
{"timestamp": "2025-11-14T18:48:09.869820Z", "level": "ERROR", "module": "cost_tracking", "message": "Failed to track cost for job f46f7ccc-5bd7-4e89-8d60-1ce3df19a79d: 'Mock' object is not subscriptable", "job_id": "f46f7ccc-5bd7-4e89-8d60-1ce3df19a79d", "error": "'Mock' object is not subscriptable"}
{"timestamp": "2025-11-14T18:48:09.872062Z", "level": "ERROR", "module": "cost_tracking", "message": "Failed to track cost for job fc0819f4-261d-4a5b-8588-a4cce891a55c: 'Mock' object is not subscriptable", "job_id": "fc0819f4-261d-4a5b-8588-a4cce891a55c", "error": "'Mock' object is not subscriptable"}
{"timestamp": "2025-11-14T18:48:09.873816Z", "level": "ERROR", "module": "cost_tracking", "message": "Failed to get total cost for job 8cfb1e6c-e01f-4d59-b3e7-db6ecaae2363: 'Mock' object is not subscriptable", "job_id": "8cfb1e6c-e01f-4d59-b3e7-db6ecaae2363", "error": "'Mock' object is not subscriptable"}
{"timestamp": "2025-11-14T18:48:27.924292Z", "level": "INFO", "module": "test_logging", "message": "Test message", "key": "value"}
{"timestamp": "2025-11-14T18:48:27.925500Z", "level": "INFO", "module": "test_logging", "message": "Test message", "job_id": "ce291a8a-f5bf-4508-bab8-6ef134958314"}
{"timestamp": "2025-11-14T18:48:27.926377Z", "level": "INFO", "module": "test_logging", "message": "Test message"}
{"timestamp": "2025-11-14T18:48:27.927863Z", "level": "INFO", "module": "test_logging", "message": "Test message", "duration": 180, "status": "success", "count": 5}
{"timestamp": "2025-11-14T18:48:27.930161Z", "level": "ERROR", "module": "test_logging", "message": "Exception occurred", "exception": "Traceback (most recent call last):\n  File \"/Users/user/Desktop/Github/VideoGen/project/backend/shared/tests/test_logging.py\", line 130, in test_logger_includes_exception\n    raise ValueError(\"Test error\")\nValueError: Test error"}
{"timestamp": "2025-11-14T18:48:27.931111Z", "level": "WARNING", "module": "test_logging", "message": "Warning message"}
{"timestamp": "2025-11-14T18:48:27.931190Z", "level": "ERROR", "module": "test_logging", "message": "Error message"}
{"timestamp": "2025-11-14T18:48:27.932126Z", "level": "INFO", "module": "test_logging", "message": "Test message", "list": "[1, 2, 3]", "dict": "{'key': 'value'}", "uuid": "888871cd-f5e8-413c-b006-a0368e9bf8d6"}
{"timestamp": "2025-11-14T18:48:27.970007Z", "level": "WARNING", "module": "retry", "message": "Retry attempt 1/3 for retryable_function after 0.1s delay", "error": "Temporary failure", "attempt": 1}
{"timestamp": "2025-11-14T18:48:28.072825Z", "level": "WARNING", "module": "retry", "message": "Retry attempt 1/3 for always_fails after 0.1s delay", "error": "Always fails", "attempt": 1}
{"timestamp": "2025-11-14T18:48:28.174282Z", "level": "WARNING", "module": "retry", "message": "Retry attempt 2/3 for always_fails after 0.2s delay", "error": "Always fails", "attempt": 2}
{"timestamp": "2025-11-14T18:48:28.376155Z", "level": "ERROR", "module": "retry", "message": "All 3 retry attempts failed for always_fails", "error": "Always fails"}
{"timestamp": "2025-11-14T18:48:28.379595Z", "level": "WARNING", "module": "retry", "message": "Retry attempt 1/3 for track_timing after 0.1s delay", "error": "Retry", "attempt": 1}
{"timestamp": "2025-11-14T18:48:28.481519Z", "level": "WARNING", "module": "retry", "message": "Retry attempt 2/3 for track_timing after 0.2s delay", "error": "Retry", "attempt": 2}
{"timestamp": "2025-11-14T18:48:28.685667Z", "level": "ERROR", "module": "retry", "message": "Non-retryable error in non_retryable_error: Non-retryable", "error": "Non-retryable"}
{"timestamp": "2025-11-14T18:48:28.687756Z", "level": "WARNING", "module": "retry", "message": "Retry attempt 1/3 for custom_retryable after 0.1s delay", "error": "Connection failed", "attempt": 1}
{"timestamp": "2025-11-14T18:48:28.790167Z", "level": "WARNING", "module": "retry", "message": "Retry attempt 1/3 for sync_function after 0.1s delay", "error": "Retry", "attempt": 1}
{"timestamp": "2025-11-14T18:48:28.896391Z", "level": "WARNING", "module": "retry", "message": "Retry attempt 1/2 for logged_function after 0.1s delay", "error": "Retry", "attempt": 1}
{"timestamp": "2025-11-14T18:48:28.997642Z", "level": "ERROR", "module": "retry", "message": "All 2 retry attempts failed for logged_function", "error": "Retry"}
{"timestamp": "2025-11-14T18:48:29.002697Z", "level": "INFO", "module": "storage", "message": "Uploaded file to audio-uploads/test/path.mp3", "bucket": "audio-uploads", "path": "test/path.mp3", "size": 17}
{"timestamp": "2025-11-14T18:48:29.005912Z", "level": "ERROR", "module": "retry", "message": "Non-retryable error in upload_file: File size (11.00 MB) exceeds maximum of 10.00 MB for bucket audio-uploads", "error": "File size (11.00 MB) exceeds maximum of 10.00 MB for bucket audio-uploads"}
{"timestamp": "2025-11-14T18:48:29.008758Z", "level": "INFO", "module": "storage", "message": "Uploaded file to audio-uploads/test/path.mp3", "bucket": "audio-uploads", "path": "test/path.mp3", "size": 12}
{"timestamp": "2025-11-14T18:48:29.010357Z", "level": "INFO", "module": "storage", "message": "Downloaded file from audio-uploads/test/path.mp3", "bucket": "audio-uploads", "path": "test/path.mp3"}
{"timestamp": "2025-11-14T18:48:29.011923Z", "level": "INFO", "module": "storage", "message": "Generated signed URL for video-outputs/test/path.mp3", "bucket": "video-outputs", "path": "test/path.mp3", "expires_in": 3600}
{"timestamp": "2025-11-14T18:48:29.013454Z", "level": "INFO", "module": "storage", "message": "Generated signed URL for video-outputs/test/path.mp3", "bucket": "video-outputs", "path": "test/path.mp3", "expires_in": 3600}
{"timestamp": "2025-11-14T18:48:29.015977Z", "level": "INFO", "module": "storage", "message": "Deleted file from video-clips/test/path.mp4", "bucket": "video-clips", "path": "test/path.mp4"}
{"timestamp": "2025-11-14T18:48:29.018276Z", "level": "ERROR", "module": "storage", "message": "Failed to upload file to audio-uploads/test/path.mp3: Upload failed", "bucket": "audio-uploads", "path": "test/path.mp3", "error": "Upload failed"}
{"timestamp": "2025-11-14T18:48:29.018345Z", "level": "WARNING", "module": "retry", "message": "Retry attempt 1/3 for upload_file after 2s delay", "error": "Failed to upload file: Upload failed", "attempt": 1}
{"timestamp": "2025-11-14T18:48:31.019959Z", "level": "ERROR", "module": "storage", "message": "Failed to upload file to audio-uploads/test/path.mp3: Upload failed", "bucket": "audio-uploads", "path": "test/path.mp3", "error": "Upload failed"}
{"timestamp": "2025-11-14T18:48:31.020167Z", "level": "WARNING", "module": "retry", "message": "Retry attempt 2/3 for upload_file after 4s delay", "error": "Failed to upload file: Upload failed", "attempt": 2}
{"timestamp": "2025-11-14T18:48:35.022034Z", "level": "ERROR", "module": "storage", "message": "Failed to upload file to audio-uploads/test/path.mp3: Upload failed", "bucket": "audio-uploads", "path": "test/path.mp3", "error": "Upload failed"}
{"timestamp": "2025-11-14T18:48:35.022234Z", "level": "ERROR", "module": "retry", "message": "All 3 retry attempts failed for upload_file", "error": "Failed to upload file: Upload failed"}
{"timestamp": "2025-11-14T18:48:35.029508Z", "level": "ERROR", "module": "storage", "message": "Failed to download file from audio-uploads/test/path.mp3: Download failed", "bucket": "audio-uploads", "path": "test/path.mp3", "error": "Download failed"}
{"timestamp": "2025-11-14T18:48:35.029747Z", "level": "WARNING", "module": "retry", "message": "Retry attempt 1/3 for download_file after 2s delay", "error": "Failed to download file: Download failed", "attempt": 1}
{"timestamp": "2025-11-14T18:48:37.031342Z", "level": "ERROR", "module": "storage", "message": "Failed to download file from audio-uploads/test/path.mp3: Download failed", "bucket": "audio-uploads", "path": "test/path.mp3", "error": "Download failed"}
{"timestamp": "2025-11-14T18:48:37.031562Z", "level": "WARNING", "module": "retry", "message": "Retry attempt 2/3 for download_file after 4s delay", "error": "Failed to download file: Download failed", "attempt": 2}
{"timestamp": "2025-11-14T18:48:41.032542Z", "level": "ERROR", "module": "storage", "message": "Failed to download file from audio-uploads/test/path.mp3: Download failed", "bucket": "audio-uploads", "path": "test/path.mp3", "error": "Download failed"}
{"timestamp": "2025-11-14T18:48:41.033099Z", "level": "ERROR", "module": "retry", "message": "All 3 retry attempts failed for download_file", "error": "Failed to download file: Download failed"}
{"timestamp": "2025-11-14T18:48:48.168017Z", "level": "ERROR", "module": "cost_tracking", "message": "Failed to track cost for job e1534e96-d3ae-4e38-96fb-f52202eeebd0: 'Mock' object is not subscriptable", "job_id": "e1534e96-d3ae-4e38-96fb-f52202eeebd0", "error": "'Mock' object is not subscriptable"}
{"timestamp": "2025-11-14T18:48:48.172130Z", "level": "ERROR", "module": "cost_tracking", "message": "Failed to get total cost for job e2108469-4064-4a38-965b-298550b976c8: 'Mock' object is not subscriptable", "job_id": "e2108469-4064-4a38-965b-298550b976c8", "error": "'Mock' object is not subscriptable"}
{"timestamp": "2025-11-14T18:48:48.174562Z", "level": "ERROR", "module": "cost_tracking", "message": "Failed to get total cost for job e1750874-aab1-4b65-850e-369d1fb39c8d: 'Mock' object is not subscriptable", "job_id": "e1750874-aab1-4b65-850e-369d1fb39c8d", "error": "'Mock' object is not subscriptable"}
{"timestamp": "2025-11-14T18:48:48.177594Z", "level": "ERROR", "module": "cost_tracking", "message": "Failed to get total cost for job 64ef0052-be1e-49fb-b6d1-55b97c98ae10: 'Mock' object is not subscriptable", "job_id": "64ef0052-be1e-49fb-b6d1-55b97c98ae10", "error": "'Mock' object is not subscriptable"}
{"timestamp": "2025-11-14T18:48:48.177681Z", "level": "ERROR", "module": "cost_tracking", "message": "Failed to check budget for job 64ef0052-be1e-49fb-b6d1-55b97c98ae10: Failed to get total cost: 'Mock' object is not subscriptable", "job_id": "64ef0052-be1e-49fb-b6d1-55b97c98ae10", "error": "Failed to get total cost: 'Mock' object is not subscriptable"}
{"timestamp": "2025-11-14T18:48:48.179979Z", "level": "ERROR", "module": "cost_tracking", "message": "Failed to get total cost for job 9b863ddd-7af4-4e0c-8c4e-2602940c98e1: 'Mock' object is not subscriptable", "job_id": "9b863ddd-7af4-4e0c-8c4e-2602940c98e1", "error": "'Mock' object is not subscriptable"}
{"timestamp": "2025-11-14T18:48:48.180048Z", "level": "ERROR", "module": "cost_tracking", "message": "Failed to check budget for job 9b863ddd-7af4-4e0c-8c4e-2602940c98e1: Failed to get total cost: 'Mock' object is not subscriptable", "job_id": "9b863ddd-7af4-4e0c-8c4e-2602940c98e1", "error": "Failed to get total cost: 'Mock' object is not subscriptable"}
{"timestamp": "2025-11-14T18:48:48.182554Z", "level": "ERROR", "module": "cost_tracking", "message": "Failed to get total cost for job 528acc9c-a62a-4cf3-9e7d-bfdee4d6d4de: 'Mock' object is not subscriptable", "job_id": "528acc9c-a62a-4cf3-9e7d-bfdee4d6d4de", "error": "'Mock' object is not subscriptable"}
{"timestamp": "2025-11-14T18:48:48.182643Z", "level": "ERROR", "module": "cost_tracking", "message": "Failed to enforce budget limit for job 528acc9c-a62a-4cf3-9e7d-bfdee4d6d4de: Failed to get total cost: 'Mock' object is not subscriptable", "job_id": "528acc9c-a62a-4cf3-9e7d-bfdee4d6d4de", "error": "Failed to get total cost: 'Mock' object is not subscriptable"}
{"timestamp": "2025-11-14T18:48:48.185218Z", "level": "ERROR", "module": "cost_tracking", "message": "Failed to get total cost for job 519a964e-b971-4ba5-b579-61c660333070: 'Mock' object is not subscriptable", "job_id": "519a964e-b971-4ba5-b579-61c660333070", "error": "'Mock' object is not subscriptable"}
{"timestamp": "2025-11-14T18:48:48.185281Z", "level": "ERROR", "module": "cost_tracking", "message": "Failed to enforce budget limit for job 519a964e-b971-4ba5-b579-61c660333070: Failed to get total cost: 'Mock' object is not subscriptable", "job_id": "519a964e-b971-4ba5-b579-61c660333070", "error": "Failed to get total cost: 'Mock' object is not subscriptable"}
{"timestamp": "2025-11-14T18:48:48.188229Z", "level": "ERROR", "module": "cost_tracking", "message": "Failed to track cost for job aa72aec1-7bf4-416d-9ea7-a826e8e832f2: 'Mock' object is not subscriptable", "job_id": "aa72aec1-7bf4-416d-9ea7-a826e8e832f2", "error": "'Mock' object is not subscriptable"}
{"timestamp": "2025-11-14T18:48:48.190812Z", "level": "ERROR", "module": "cost_tracking", "message": "Failed to track cost for job e9c73795-100f-43c2-9569-da8844c9465e: 'Mock' object is not subscriptable", "job_id": "e9c73795-100f-43c2-9569-da8844c9465e", "error": "'Mock' object is not subscriptable"}
{"timestamp": "2025-11-14T18:48:48.192671Z", "level": "ERROR", "module": "cost_tracking", "message": "Failed to get total cost for job 7b42a97e-1208-418c-9010-601c0e92daf5: 'Mock' object is not subscriptable", "job_id": "7b42a97e-1208-418c-9010-601c0e92daf5", "error": "'Mock' object is not subscriptable"}
{"timestamp": "2025-11-14T18:49:06.242483Z", "level": "INFO", "module": "test_logging", "message": "Test message", "key": "value"}
{"timestamp": "2025-11-14T18:49:06.243494Z", "level": "INFO", "module": "test_logging", "message": "Test message", "job_id": "32673bc2-02e9-4938-bc75-7a0dd46dbad7"}
{"timestamp": "2025-11-14T18:49:06.244336Z", "level": "INFO", "module": "test_logging", "message": "Test message"}
{"timestamp": "2025-11-14T18:49:06.245761Z", "level": "INFO", "module": "test_logging", "message": "Test message", "duration": 180, "status": "success", "count": 5}
{"timestamp": "2025-11-14T18:49:06.248175Z", "level": "ERROR", "module": "test_logging", "message": "Exception occurred", "exception": "Traceback (most recent call last):\n  File \"/Users/user/Desktop/Github/VideoGen/project/backend/shared/tests/test_logging.py\", line 130, in test_logger_includes_exception\n    raise ValueError(\"Test error\")\nValueError: Test error"}
{"timestamp": "2025-11-14T18:49:06.249369Z", "level": "WARNING", "module": "test_logging", "message": "Warning message"}
{"timestamp": "2025-11-14T18:49:06.249487Z", "level": "ERROR", "module": "test_logging", "message": "Error message"}
{"timestamp": "2025-11-14T18:49:06.250494Z", "level": "INFO", "module": "test_logging", "message": "Test message", "list": "[1, 2, 3]", "dict": "{'key': 'value'}", "uuid": "5f3a6f59-8b66-42bc-aa8c-ad9370883cc9"}
{"timestamp": "2025-11-14T18:49:06.288534Z", "level": "WARNING", "module": "retry", "message": "Retry attempt 1/3 for retryable_function after 0.1s delay", "error": "Temporary failure", "attempt": 1}
{"timestamp": "2025-11-14T18:49:06.391681Z", "level": "WARNING", "module": "retry", "message": "Retry attempt 1/3 for always_fails after 0.1s delay", "error": "Always fails", "attempt": 1}
{"timestamp": "2025-11-14T18:49:06.492207Z", "level": "WARNING", "module": "retry", "message": "Retry attempt 2/3 for always_fails after 0.2s delay", "error": "Always fails", "attempt": 2}
{"timestamp": "2025-11-14T18:49:06.694224Z", "level": "ERROR", "module": "retry", "message": "All 3 retry attempts failed for always_fails", "error": "Always fails"}
{"timestamp": "2025-11-14T18:49:06.698577Z", "level": "WARNING", "module": "retry", "message": "Retry attempt 1/3 for track_timing after 0.1s delay", "error": "Retry", "attempt": 1}
{"timestamp": "2025-11-14T18:49:06.800731Z", "level": "WARNING", "module": "retry", "message": "Retry attempt 2/3 for track_timing after 0.2s delay", "error": "Retry", "attempt": 2}
{"timestamp": "2025-11-14T18:49:07.004625Z", "level": "ERROR", "module": "retry", "message": "Non-retryable error in non_retryable_error: Non-retryable", "error": "Non-retryable"}
{"timestamp": "2025-11-14T18:49:07.006668Z", "level": "WARNING", "module": "retry", "message": "Retry attempt 1/3 for custom_retryable after 0.1s delay", "error": "Connection failed", "attempt": 1}
{"timestamp": "2025-11-14T18:49:07.109575Z", "level": "WARNING", "module": "retry", "message": "Retry attempt 1/3 for sync_function after 0.1s delay", "error": "Retry", "attempt": 1}
{"timestamp": "2025-11-14T18:49:07.219455Z", "level": "WARNING", "module": "retry", "message": "Retry attempt 1/2 for logged_function after 0.1s delay", "error": "Retry", "attempt": 1}
{"timestamp": "2025-11-14T18:49:07.321349Z", "level": "ERROR", "module": "retry", "message": "All 2 retry attempts failed for logged_function", "error": "Retry"}
{"timestamp": "2025-11-14T18:49:07.333828Z", "level": "INFO", "module": "storage", "message": "Uploaded file to audio-uploads/test/path.mp3", "bucket": "audio-uploads", "path": "test/path.mp3", "size": 17}
{"timestamp": "2025-11-14T18:49:07.340081Z", "level": "ERROR", "module": "retry", "message": "Non-retryable error in upload_file: File size (11.00 MB) exceeds maximum of 10.00 MB for bucket audio-uploads", "error": "File size (11.00 MB) exceeds maximum of 10.00 MB for bucket audio-uploads"}
{"timestamp": "2025-11-14T18:49:07.344036Z", "level": "INFO", "module": "storage", "message": "Uploaded file to audio-uploads/test/path.mp3", "bucket": "audio-uploads", "path": "test/path.mp3", "size": 12}
{"timestamp": "2025-11-14T18:49:07.346530Z", "level": "INFO", "module": "storage", "message": "Downloaded file from audio-uploads/test/path.mp3", "bucket": "audio-uploads", "path": "test/path.mp3"}
{"timestamp": "2025-11-14T18:49:07.348913Z", "level": "INFO", "module": "storage", "message": "Generated signed URL for video-outputs/test/path.mp3", "bucket": "video-outputs", "path": "test/path.mp3", "expires_in": 3600}
{"timestamp": "2025-11-14T18:49:07.351401Z", "level": "INFO", "module": "storage", "message": "Generated signed URL for video-outputs/test/path.mp3", "bucket": "video-outputs", "path": "test/path.mp3", "expires_in": 3600}
{"timestamp": "2025-11-14T18:49:07.353609Z", "level": "INFO", "module": "storage", "message": "Deleted file from video-clips/test/path.mp4", "bucket": "video-clips", "path": "test/path.mp4"}
{"timestamp": "2025-11-14T18:49:07.355699Z", "level": "ERROR", "module": "storage", "message": "Failed to upload file to audio-uploads/test/path.mp3: Upload failed", "bucket": "audio-uploads", "path": "test/path.mp3", "error": "Upload failed"}
{"timestamp": "2025-11-14T18:49:07.355779Z", "level": "WARNING", "module": "retry", "message": "Retry attempt 1/3 for upload_file after 2s delay", "error": "Failed to upload file: Upload failed", "attempt": 1}
{"timestamp": "2025-11-14T18:49:09.357682Z", "level": "ERROR", "module": "storage", "message": "Failed to upload file to audio-uploads/test/path.mp3: Upload failed", "bucket": "audio-uploads", "path": "test/path.mp3", "error": "Upload failed"}
{"timestamp": "2025-11-14T18:49:09.358247Z", "level": "WARNING", "module": "retry", "message": "Retry attempt 2/3 for upload_file after 4s delay", "error": "Failed to upload file: Upload failed", "attempt": 2}
{"timestamp": "2025-11-14T18:49:13.359928Z", "level": "ERROR", "module": "storage", "message": "Failed to upload file to audio-uploads/test/path.mp3: Upload failed", "bucket": "audio-uploads", "path": "test/path.mp3", "error": "Upload failed"}
{"timestamp": "2025-11-14T18:49:13.360124Z", "level": "ERROR", "module": "retry", "message": "All 3 retry attempts failed for upload_file", "error": "Failed to upload file: Upload failed"}
{"timestamp": "2025-11-14T18:49:13.364839Z", "level": "ERROR", "module": "storage", "message": "Failed to download file from audio-uploads/test/path.mp3: Download failed", "bucket": "audio-uploads", "path": "test/path.mp3", "error": "Download failed"}
{"timestamp": "2025-11-14T18:49:13.364966Z", "level": "WARNING", "module": "retry", "message": "Retry attempt 1/3 for download_file after 2s delay", "error": "Failed to download file: Download failed", "attempt": 1}
{"timestamp": "2025-11-14T18:49:15.366176Z", "level": "ERROR", "module": "storage", "message": "Failed to download file from audio-uploads/test/path.mp3: Download failed", "bucket": "audio-uploads", "path": "test/path.mp3", "error": "Download failed"}
{"timestamp": "2025-11-14T18:49:15.366632Z", "level": "WARNING", "module": "retry", "message": "Retry attempt 2/3 for download_file after 4s delay", "error": "Failed to download file: Download failed", "attempt": 2}
{"timestamp": "2025-11-14T18:49:16.441840Z", "level": "ERROR", "module": "cost_tracking", "message": "Failed to track cost for job 20edfb01-02a1-4588-8c3b-c430d6bac30a: 'Mock' object is not subscriptable", "job_id": "20edfb01-02a1-4588-8c3b-c430d6bac30a", "error": "'Mock' object is not subscriptable"}
{"timestamp": "2025-11-14T18:49:16.445645Z", "level": "ERROR", "module": "cost_tracking", "message": "Failed to get total cost for job e2b3112b-4025-49af-9ede-b18e4f0bc805: 'Mock' object is not subscriptable", "job_id": "e2b3112b-4025-49af-9ede-b18e4f0bc805", "error": "'Mock' object is not subscriptable"}
{"timestamp": "2025-11-14T18:49:16.447716Z", "level": "ERROR", "module": "cost_tracking", "message": "Failed to get total cost for job ad665831-4cfa-4d73-b894-0785a35e3e2c: 'Mock' object is not subscriptable", "job_id": "ad665831-4cfa-4d73-b894-0785a35e3e2c", "error": "'Mock' object is not subscriptable"}
{"timestamp": "2025-11-14T18:49:16.449983Z", "level": "ERROR", "module": "cost_tracking", "message": "Failed to get total cost for job 4e8c59d6-1cb8-44a9-80c3-6ecc24238416: 'Mock' object is not subscriptable", "job_id": "4e8c59d6-1cb8-44a9-80c3-6ecc24238416", "error": "'Mock' object is not subscriptable"}
{"timestamp": "2025-11-14T18:49:16.450051Z", "level": "ERROR", "module": "cost_tracking", "message": "Failed to check budget for job 4e8c59d6-1cb8-44a9-80c3-6ecc24238416: Failed to get total cost: 'Mock' object is not subscriptable", "job_id": "4e8c59d6-1cb8-44a9-80c3-6ecc24238416", "error": "Failed to get total cost: 'Mock' object is not subscriptable"}
{"timestamp": "2025-11-14T18:49:16.452348Z", "level": "ERROR", "module": "cost_tracking", "message": "Failed to get total cost for job fbde3783-a8c9-4e5b-bdbd-3cf706a943c0: 'Mock' object is not subscriptable", "job_id": "fbde3783-a8c9-4e5b-bdbd-3cf706a943c0", "error": "'Mock' object is not subscriptable"}
{"timestamp": "2025-11-14T18:49:16.452402Z", "level": "ERROR", "module": "cost_tracking", "message": "Failed to check budget for job fbde3783-a8c9-4e5b-bdbd-3cf706a943c0: Failed to get total cost: 'Mock' object is not subscriptable", "job_id": "fbde3783-a8c9-4e5b-bdbd-3cf706a943c0", "error": "Failed to get total cost: 'Mock' object is not subscriptable"}
{"timestamp": "2025-11-14T18:49:16.454412Z", "level": "ERROR", "module": "cost_tracking", "message": "Failed to get total cost for job e3fa820a-e209-4db1-9d37-adbba764cfd5: 'Mock' object is not subscriptable", "job_id": "e3fa820a-e209-4db1-9d37-adbba764cfd5", "error": "'Mock' object is not subscriptable"}
{"timestamp": "2025-11-14T18:49:16.454466Z", "level": "ERROR", "module": "cost_tracking", "message": "Failed to enforce budget limit for job e3fa820a-e209-4db1-9d37-adbba764cfd5: Failed to get total cost: 'Mock' object is not subscriptable", "job_id": "e3fa820a-e209-4db1-9d37-adbba764cfd5", "error": "Failed to get total cost: 'Mock' object is not subscriptable"}
{"timestamp": "2025-11-14T18:49:16.456632Z", "level": "ERROR", "module": "cost_tracking", "message": "Failed to get total cost for job b5224c0e-a2be-47b0-9561-c8f8b7e09f3d: 'Mock' object is not subscriptable", "job_id": "b5224c0e-a2be-47b0-9561-c8f8b7e09f3d", "error": "'Mock' object is not subscriptable"}
{"timestamp": "2025-11-14T18:49:16.456696Z", "level": "ERROR", "module": "cost_tracking", "message": "Failed to enforce budget limit for job b5224c0e-a2be-47b0-9561-c8f8b7e09f3d: Failed to get total cost: 'Mock' object is not subscriptable", "job_id": "b5224c0e-a2be-47b0-9561-c8f8b7e09f3d", "error": "Failed to get total cost: 'Mock' object is not subscriptable"}
{"timestamp": "2025-11-14T18:49:16.459732Z", "level": "ERROR", "module": "cost_tracking", "message": "Failed to track cost for job 0cdca134-1fc0-4e79-be3b-9f14595f6eed: 'Mock' object is not subscriptable", "job_id": "0cdca134-1fc0-4e79-be3b-9f14595f6eed", "error": "'Mock' object is not subscriptable"}
{"timestamp": "2025-11-14T18:49:16.461956Z", "level": "ERROR", "module": "cost_tracking", "message": "Failed to track cost for job 99549829-e49e-4e32-af21-b9cac80c617c: 'Mock' object is not subscriptable", "job_id": "99549829-e49e-4e32-af21-b9cac80c617c", "error": "'Mock' object is not subscriptable"}
{"timestamp": "2025-11-14T18:49:16.463368Z", "level": "ERROR", "module": "cost_tracking", "message": "Failed to get total cost for job 57ecf51c-1c45-415e-9fcd-56c8587b0985: 'Mock' object is not subscriptable", "job_id": "57ecf51c-1c45-415e-9fcd-56c8587b0985", "error": "'Mock' object is not subscriptable"}
{"timestamp": "2025-11-14T18:49:19.368065Z", "level": "ERROR", "module": "storage", "message": "Failed to download file from audio-uploads/test/path.mp3: Download failed", "bucket": "audio-uploads", "path": "test/path.mp3", "error": "Download failed"}
{"timestamp": "2025-11-14T18:49:19.368210Z", "level": "ERROR", "module": "retry", "message": "All 3 retry attempts failed for download_file", "error": "Failed to download file: Download failed"}
{"timestamp": "2025-11-14T18:49:34.496862Z", "level": "INFO", "module": "test_logging", "message": "Test message", "key": "value"}
{"timestamp": "2025-11-14T18:49:34.497604Z", "level": "INFO", "module": "test_logging", "message": "Test message", "job_id": "0c2e6aa3-42fa-491b-b736-80e584dd4840"}
{"timestamp": "2025-11-14T18:49:34.498226Z", "level": "INFO", "module": "test_logging", "message": "Test message"}
{"timestamp": "2025-11-14T18:49:34.499664Z", "level": "INFO", "module": "test_logging", "message": "Test message", "duration": 180, "status": "success", "count": 5}
{"timestamp": "2025-11-14T18:49:34.502330Z", "level": "ERROR", "module": "test_logging", "message": "Exception occurred", "exception": "Traceback (most recent call last):\n  File \"/Users/user/Desktop/Github/VideoGen/project/backend/shared/tests/test_logging.py\", line 130, in test_logger_includes_exception\n    raise ValueError(\"Test error\")\nValueError: Test error"}
{"timestamp": "2025-11-14T18:49:34.503214Z", "level": "WARNING", "module": "test_logging", "message": "Warning message"}
{"timestamp": "2025-11-14T18:49:34.503271Z", "level": "ERROR", "module": "test_logging", "message": "Error message"}
{"timestamp": "2025-11-14T18:49:34.503875Z", "level": "INFO", "module": "test_logging", "message": "Test message", "list": "[1, 2, 3]", "dict": "{'key': 'value'}", "uuid": "6bb60519-7a79-49c2-b3ab-3d8a34e78cf5"}
{"timestamp": "2025-11-14T18:49:34.541265Z", "level": "WARNING", "module": "retry", "message": "Retry attempt 1/3 for retryable_function after 0.1s delay", "error": "Temporary failure", "attempt": 1}
{"timestamp": "2025-11-14T18:49:34.644287Z", "level": "WARNING", "module": "retry", "message": "Retry attempt 1/3 for always_fails after 0.1s delay", "error": "Always fails", "attempt": 1}
{"timestamp": "2025-11-14T18:49:34.745550Z", "level": "WARNING", "module": "retry", "message": "Retry attempt 2/3 for always_fails after 0.2s delay", "error": "Always fails", "attempt": 2}
{"timestamp": "2025-11-14T18:49:34.946878Z", "level": "ERROR", "module": "retry", "message": "All 3 retry attempts failed for always_fails", "error": "Always fails"}
{"timestamp": "2025-11-14T18:49:34.948089Z", "level": "WARNING", "module": "retry", "message": "Retry attempt 1/3 for track_timing after 0.1s delay", "error": "Retry", "attempt": 1}
{"timestamp": "2025-11-14T18:49:35.049494Z", "level": "WARNING", "module": "retry", "message": "Retry attempt 2/3 for track_timing after 0.2s delay", "error": "Retry", "attempt": 2}
{"timestamp": "2025-11-14T18:49:35.251696Z", "level": "ERROR", "module": "retry", "message": "Non-retryable error in non_retryable_error: Non-retryable", "error": "Non-retryable"}
{"timestamp": "2025-11-14T18:49:35.252488Z", "level": "WARNING", "module": "retry", "message": "Retry attempt 1/3 for custom_retryable after 0.1s delay", "error": "Connection failed", "attempt": 1}
{"timestamp": "2025-11-14T18:49:35.354513Z", "level": "WARNING", "module": "retry", "message": "Retry attempt 1/3 for sync_function after 0.1s delay", "error": "Retry", "attempt": 1}
{"timestamp": "2025-11-14T18:49:35.459037Z", "level": "WARNING", "module": "retry", "message": "Retry attempt 1/2 for logged_function after 0.1s delay", "error": "Retry", "attempt": 1}
{"timestamp": "2025-11-14T18:49:35.560231Z", "level": "ERROR", "module": "retry", "message": "All 2 retry attempts failed for logged_function", "error": "Retry"}
{"timestamp": "2025-11-14T18:49:35.564586Z", "level": "INFO", "module": "storage", "message": "Uploaded file to audio-uploads/test/path.mp3", "bucket": "audio-uploads", "path": "test/path.mp3", "size": 17}
{"timestamp": "2025-11-14T18:49:35.568102Z", "level": "ERROR", "module": "retry", "message": "Non-retryable error in upload_file: File size (11.00 MB) exceeds maximum of 10.00 MB for bucket audio-uploads", "error": "File size (11.00 MB) exceeds maximum of 10.00 MB for bucket audio-uploads"}
{"timestamp": "2025-11-14T18:49:35.569889Z", "level": "INFO", "module": "storage", "message": "Uploaded file to audio-uploads/test/path.mp3", "bucket": "audio-uploads", "path": "test/path.mp3", "size": 12}
{"timestamp": "2025-11-14T18:49:35.571432Z", "level": "INFO", "module": "storage", "message": "Downloaded file from audio-uploads/test/path.mp3", "bucket": "audio-uploads", "path": "test/path.mp3"}
{"timestamp": "2025-11-14T18:49:35.572887Z", "level": "INFO", "module": "storage", "message": "Generated signed URL for video-outputs/test/path.mp3", "bucket": "video-outputs", "path": "test/path.mp3", "expires_in": 3600}
{"timestamp": "2025-11-14T18:49:35.574574Z", "level": "INFO", "module": "storage", "message": "Generated signed URL for video-outputs/test/path.mp3", "bucket": "video-outputs", "path": "test/path.mp3", "expires_in": 3600}
{"timestamp": "2025-11-14T18:49:35.576257Z", "level": "INFO", "module": "storage", "message": "Deleted file from video-clips/test/path.mp4", "bucket": "video-clips", "path": "test/path.mp4"}
{"timestamp": "2025-11-14T18:49:35.577762Z", "level": "ERROR", "module": "storage", "message": "Failed to upload file to audio-uploads/test/path.mp3: Upload failed", "bucket": "audio-uploads", "path": "test/path.mp3", "error": "Upload failed"}
{"timestamp": "2025-11-14T18:49:35.577823Z", "level": "WARNING", "module": "retry", "message": "Retry attempt 1/3 for upload_file after 2s delay", "error": "Failed to upload file: Upload failed", "attempt": 1}
{"timestamp": "2025-11-14T18:49:37.579100Z", "level": "ERROR", "module": "storage", "message": "Failed to upload file to audio-uploads/test/path.mp3: Upload failed", "bucket": "audio-uploads", "path": "test/path.mp3", "error": "Upload failed"}
{"timestamp": "2025-11-14T18:49:37.579178Z", "level": "WARNING", "module": "retry", "message": "Retry attempt 2/3 for upload_file after 4s delay", "error": "Failed to upload file: Upload failed", "attempt": 2}
{"timestamp": "2025-11-14T18:49:41.580421Z", "level": "ERROR", "module": "storage", "message": "Failed to upload file to audio-uploads/test/path.mp3: Upload failed", "bucket": "audio-uploads", "path": "test/path.mp3", "error": "Upload failed"}
{"timestamp": "2025-11-14T18:49:41.580506Z", "level": "ERROR", "module": "retry", "message": "All 3 retry attempts failed for upload_file", "error": "Failed to upload file: Upload failed"}
{"timestamp": "2025-11-14T18:49:41.584948Z", "level": "ERROR", "module": "storage", "message": "Failed to download file from audio-uploads/test/path.mp3: Download failed", "bucket": "audio-uploads", "path": "test/path.mp3", "error": "Download failed"}
{"timestamp": "2025-11-14T18:49:41.585034Z", "level": "WARNING", "module": "retry", "message": "Retry attempt 1/3 for download_file after 2s delay", "error": "Failed to download file: Download failed", "attempt": 1}
{"timestamp": "2025-11-14T18:49:43.586664Z", "level": "ERROR", "module": "storage", "message": "Failed to download file from audio-uploads/test/path.mp3: Download failed", "bucket": "audio-uploads", "path": "test/path.mp3", "error": "Download failed"}
{"timestamp": "2025-11-14T18:49:43.586880Z", "level": "WARNING", "module": "retry", "message": "Retry attempt 2/3 for download_file after 4s delay", "error": "Failed to download file: Download failed", "attempt": 2}
{"timestamp": "2025-11-14T18:49:47.588491Z", "level": "ERROR", "module": "storage", "message": "Failed to download file from audio-uploads/test/path.mp3: Download failed", "bucket": "audio-uploads", "path": "test/path.mp3", "error": "Download failed"}
{"timestamp": "2025-11-14T18:49:47.588650Z", "level": "ERROR", "module": "retry", "message": "All 3 retry attempts failed for download_file", "error": "Failed to download file: Download failed"}
